<?xml version="1.0" encoding="UTF-8" standalone="no"?>
<testsuite errors="0" failures="1" name="io.cucumber.core.plugin.JUnitFormatter" skipped="0" tests="3" time="40.584">
<testcase classname="US1007 kullanici yanlis bilgilerle giris yapamaz" name="TC10 Gecerli kullanici adi ve gecersiz sifre ile negatif login testi" time="18.57">
<system-out><![CDATA[Given kullanici "qdUrl" anasayfaya gider....................................passed
Then ilk sayfa login linkine click yapar....................................passed
And mail kutusuna "qdValidMail" yazar.......................................passed
And password kutusuna "qdInvalidPassword" yazar.............................passed
Then login butonuna basar...................................................passed
And giris yapilamadigini test eder..........................................passed
Then sayfayi kapatir........................................................passed
]]></system-out>
</testcase>
<testcase classname="US1007 kullanici yanlis bilgilerle giris yapamaz" name="TC11 Gecersiz kullanici adi ve gecerli sifre ile negatif login testi" time="13.747">
<failure message="element click intercepted: Element &lt;button type=&quot;submit&quot; class=&quot;btn red radius-5 mt-4 w-100&quot;&gt;...&lt;/button&gt; is not clickable at point (959, 541). Other element would receive the click: &lt;a onclick=&quot;cookie...();&quot;&gt;Accept&lt;/a&gt;&#10;  (Session info: chrome=109.0.5414.120)&#10;Build info: version: '4.5.3', revision: '4b786a1e430'&#10;System info: os.name: 'Windows 7', os.arch: 'amd64', os.version: '6.1', java.version: '1.8.0_192'&#10;Driver info: org.openqa.selenium.chrome.ChromeDriver&#10;Command: [d091ec08a637ac43079adbb5c14825eb, clickElement {id=d4b5e559-711a-486f-ab21-5de03dfc31ce}]&#10;Capabilities {acceptInsecureCerts: false, browserName: chrome, browserVersion: 109.0.5414.120, chrome: {chromedriverVersion: 109.0.5414.74 (e7c5703604da..., userDataDir: C:\Users\kenan\AppData\Loca...}, goog:chromeOptions: {debuggerAddress: localhost:11865}, networkConnectionEnabled: false, pageLoadStrategy: normal, platformName: WINDOWS, proxy: Proxy(), se:cdp: ws://localhost:11865/devtoo..., se:cdpVersion: 109.0.5414.120, setWindowRect: true, strictFileInteractability: false, timeouts: {implicit: 0, pageLoad: 300000, script: 30000}, unhandledPromptBehavior: dismiss and notify, webauthn:extension:credBlob: true, webauthn:extension:largeBlob: true, webauthn:virtualAuthenticators: true}&#10;Element: [[ChromeDriver: chrome on WINDOWS (d091ec08a637ac43079adbb5c14825eb)] -&gt; xpath: //button[text()='Login']]&#10;Session ID: d091ec08a637ac43079adbb5c14825eb" type="org.openqa.selenium.ElementClickInterceptedException"><![CDATA[Given kullanici "qdUrl" anasayfaya gider....................................passed
Then ilk sayfa login linkine click yapar....................................passed
And mail kutusuna "qdInvalidMail" yazar.....................................passed
And password kutusuna "qdValidPassword" yazar...............................passed
Then login butonuna basar...................................................failed
And giris yapilamadigini test eder..........................................skipped
Then sayfayi kapatir........................................................skipped

StackTrace:
org.openqa.selenium.ElementClickInterceptedException: element click intercepted: Element <button type="submit" class="btn red radius-5 mt-4 w-100">...</button> is not clickable at point (959, 541). Other element would receive the click: <a onclick="cookie...();">Accept</a>
  (Session info: chrome=109.0.5414.120)
Build info: version: '4.5.3', revision: '4b786a1e430'
System info: os.name: 'Windows 7', os.arch: 'amd64', os.version: '6.1', java.version: '1.8.0_192'
Driver info: org.openqa.selenium.chrome.ChromeDriver
Command: [d091ec08a637ac43079adbb5c14825eb, clickElement {id=d4b5e559-711a-486f-ab21-5de03dfc31ce}]
Capabilities {acceptInsecureCerts: false, browserName: chrome, browserVersion: 109.0.5414.120, chrome: {chromedriverVersion: 109.0.5414.74 (e7c5703604da..., userDataDir: C:\Users\kenan\AppData\Loca...}, goog:chromeOptions: {debuggerAddress: localhost:11865}, networkConnectionEnabled: false, pageLoadStrategy: normal, platformName: WINDOWS, proxy: Proxy(), se:cdp: ws://localhost:11865/devtoo..., se:cdpVersion: 109.0.5414.120, setWindowRect: true, strictFileInteractability: false, timeouts: {implicit: 0, pageLoad: 300000, script: 30000}, unhandledPromptBehavior: dismiss and notify, webauthn:extension:credBlob: true, webauthn:extension:largeBlob: true, webauthn:virtualAuthenticators: true}
Element: [[ChromeDriver: chrome on WINDOWS (d091ec08a637ac43079adbb5c14825eb)] -> xpath: //button[text()='Login']]
Session ID: d091ec08a637ac43079adbb5c14825eb
	at sun.reflect.NativeConstructorAccessorImpl.newInstance0(Native Method)
	at sun.reflect.NativeConstructorAccessorImpl.newInstance(NativeConstructorAccessorImpl.java:62)
	at sun.reflect.DelegatingConstructorAccessorImpl.newInstance(DelegatingConstructorAccessorImpl.java:45)
	at java.lang.reflect.Constructor.newInstance(Constructor.java:423)
	at org.openqa.selenium.remote.codec.w3c.W3CHttpResponseCodec.createException(W3CHttpResponseCodec.java:200)
	at org.openqa.selenium.remote.codec.w3c.W3CHttpResponseCodec.decode(W3CHttpResponseCodec.java:133)
	at org.openqa.selenium.remote.codec.w3c.W3CHttpResponseCodec.decode(W3CHttpResponseCodec.java:53)
	at org.openqa.selenium.remote.HttpCommandExecutor.execute(HttpCommandExecutor.java:184)
	at org.openqa.selenium.remote.service.DriverCommandExecutor.invokeExecute(DriverCommandExecutor.java:167)
	at org.openqa.selenium.remote.service.DriverCommandExecutor.execute(DriverCommandExecutor.java:142)
	at org.openqa.selenium.remote.RemoteWebDriver.execute(RemoteWebDriver.java:541)
	at org.openqa.selenium.remote.RemoteWebElement.execute(RemoteWebElement.java:257)
	at org.openqa.selenium.remote.RemoteWebElement.click(RemoteWebElement.java:78)
	at sun.reflect.NativeMethodAccessorImpl.invoke0(Native Method)
	at sun.reflect.NativeMethodAccessorImpl.invoke(NativeMethodAccessorImpl.java:62)
	at sun.reflect.DelegatingMethodAccessorImpl.invoke(DelegatingMethodAccessorImpl.java:43)
	at java.lang.reflect.Method.invoke(Method.java:498)
	at org.openqa.selenium.support.pagefactory.internal.LocatingElementHandler.invoke(LocatingElementHandler.java:52)
	at com.sun.proxy.$Proxy20.click(Unknown Source)
	at stepdefinitions.QualitydemyStepdefinitions.login_butonuna_basar(QualitydemyStepdefinitions.java:29)
	at âœ½.login butonuna basar(file:///C:/Users/kenan/IdeaProjects/com.Team105Cucumber/src/test/resources/features/US1007_parametreIleNegatifLoginTest.feature:18)
]]></failure>
</testcase>
<testcase classname="US1007 kullanici yanlis bilgilerle giris yapamaz" name="TC12 Gecersiz kullanici adi ve gecersiz sifre ile negatif login testi" time="7.687">
<system-out><![CDATA[Given kullanici "qdUrl" anasayfaya gider....................................passed
Then ilk sayfa login linkine click yapar....................................passed
And mail kutusuna "qdInvalidMail" yazar.....................................passed
And password kutusuna "qdInvalidPassword" yazar.............................passed
Then login butonuna basar...................................................passed
And giris yapilamadigini test eder..........................................passed
Then sayfayi kapatir........................................................passed
]]></system-out>
</testcase>
</testsuite>
